<?xml version="1.0" encoding="UTF-8"?>
<testng-results skipped="0" failed="0" total="1" passed="1">
  <reporter-output>
  </reporter-output>
  <suite name="Suite" duration-ms="45517" started-at="2018-03-13T05:14:36Z" finished-at="2018-03-13T05:15:21Z">
    <groups>
    </groups>
    <test name="Test" duration-ms="45517" started-at="2018-03-13T05:14:36Z" finished-at="2018-03-13T05:15:21Z">
      <class name="example.NewTest">
        <test-method status="PASS" signature="beforeTest()[pri:0, instance:example.NewTest@cb5822]" name="beforeTest" is-config="true" duration-ms="33736" started-at="2018-03-13T12:14:36Z" finished-at="2018-03-13T12:15:10Z">
          <reporter-output>
          </reporter-output>
        </test-method> <!-- beforeTest -->
        <test-method status="PASS" signature="testEasy()[pri:0, instance:example.NewTest@cb5822]" name="testEasy" duration-ms="11271" started-at="2018-03-13T12:15:10Z" finished-at="2018-03-13T12:15:21Z">
          <reporter-output>
          </reporter-output>
        </test-method> <!-- testEasy -->
        <test-method status="PASS" signature="afterTest()[pri:0, instance:example.NewTest@cb5822]" name="afterTest" is-config="true" duration-ms="434" started-at="2018-03-13T12:15:21Z" finished-at="2018-03-13T12:15:21Z">
          <reporter-output>
          </reporter-output>
        </test-method> <!-- afterTest -->
      </class> <!-- example.NewTest -->
    </test> <!-- Test -->
  </suite> <!-- Suite -->
</testng-results>
